/bin/sh: line 1: docker-compose: command not found
/bin/sh: line 1: docker-compose: command not found
2025-06-20 17:22:01,883 - INFO - Fetching data from https://www.ercot.com/content/cdr/html/as_capacity_monitor.html
2025-06-20 17:22:01,982 - INFO - Parsed 48 data points from ERCOT
2025-06-20 17:22:02,143 - INFO - Successfully stored 48 data points in the database
2025-06-20 17:37:02,363 - INFO - Fetching data from https://www.ercot.com/content/cdr/html/as_capacity_monitor.html
2025-06-20 17:37:02,498 - INFO - Parsed 48 data points from ERCOT
2025-06-20 17:37:02,627 - INFO - Successfully stored 48 data points in the database
2025-06-20 17:52:02,842 - INFO - Fetching data from https://www.ercot.com/content/cdr/html/as_capacity_monitor.html
2025-06-20 17:52:02,968 - INFO - Parsed 48 data points from ERCOT
2025-06-20 17:52:03,147 - INFO - Successfully stored 48 data points in the database
2025-06-20 18:07:02,375 - INFO - Fetching data from https://www.ercot.com/content/cdr/html/as_capacity_monitor.html
2025-06-20 18:07:02,476 - INFO - Parsed 48 data points from ERCOT
2025-06-20 18:07:02,601 - INFO - Successfully stored 48 data points in the database
2025-06-20 18:22:02,670 - INFO - Fetching data from https://www.ercot.com/content/cdr/html/as_capacity_monitor.html
2025-06-20 18:22:02,780 - INFO - Parsed 48 data points from ERCOT
2025-06-20 18:22:02,944 - INFO - Successfully stored 48 data points in the database
2025-06-20 18:37:02,091 - INFO - Fetching data from https://www.ercot.com/content/cdr/html/as_capacity_monitor.html
2025-06-20 18:37:02,298 - INFO - Parsed 48 data points from ERCOT
2025-06-20 18:37:02,433 - INFO - Successfully stored 48 data points in the database
2025-06-20 18:52:02,638 - INFO - Fetching data from https://www.ercot.com/content/cdr/html/as_capacity_monitor.html
2025-06-20 18:52:02,743 - INFO - Parsed 48 data points from ERCOT
2025-06-20 18:52:02,883 - INFO - Successfully stored 48 data points in the database
2025-06-20 19:07:01,964 - INFO - Fetching data from https://www.ercot.com/content/cdr/html/as_capacity_monitor.html
2025-06-20 19:07:02,055 - INFO - Parsed 48 data points from ERCOT
2025-06-20 19:07:02,194 - INFO - Successfully stored 48 data points in the database
2025-06-20 19:22:02,208 - INFO - Fetching data from https://www.ercot.com/content/cdr/html/as_capacity_monitor.html
2025-06-20 19:22:02,307 - INFO - Parsed 48 data points from ERCOT
2025-06-20 19:22:02,465 - INFO - Successfully stored 48 data points in the database
2025-06-20 19:37:01,711 - INFO - Fetching data from https://www.ercot.com/content/cdr/html/as_capacity_monitor.html
2025-06-20 19:37:01,843 - INFO - Parsed 48 data points from ERCOT
2025-06-20 19:37:01,992 - INFO - Successfully stored 48 data points in the database
2025-06-20 19:52:01,952 - INFO - Fetching data from https://www.ercot.com/content/cdr/html/as_capacity_monitor.html
2025-06-20 19:52:02,047 - INFO - Parsed 48 data points from ERCOT
2025-06-20 19:52:02,199 - INFO - Successfully stored 48 data points in the database
2025-06-20 20:07:02,593 - INFO - Fetching data from https://www.ercot.com/content/cdr/html/as_capacity_monitor.html
2025-06-20 20:07:02,691 - INFO - Parsed 48 data points from ERCOT
2025-06-20 20:07:02,822 - INFO - Successfully stored 48 data points in the database
2025-06-20 20:22:01,672 - INFO - Fetching data from https://www.ercot.com/content/cdr/html/as_capacity_monitor.html
2025-06-20 20:22:01,806 - INFO - Parsed 48 data points from ERCOT
2025-06-20 20:22:01,945 - INFO - Successfully stored 48 data points in the database
2025-06-20 20:37:02,057 - INFO - Fetching data from https://www.ercot.com/content/cdr/html/as_capacity_monitor.html
2025-06-20 20:37:02,201 - INFO - Parsed 48 data points from ERCOT
2025-06-20 20:37:02,371 - INFO - Successfully stored 48 data points in the database
2025-06-20 20:52:02,452 - INFO - Fetching data from https://www.ercot.com/content/cdr/html/as_capacity_monitor.html
2025-06-20 20:52:02,575 - INFO - Parsed 48 data points from ERCOT
2025-06-20 20:52:02,750 - INFO - Successfully stored 48 data points in the database
2025-06-20 21:07:01,895 - INFO - Fetching data from https://www.ercot.com/content/cdr/html/as_capacity_monitor.html
2025-06-20 21:07:02,053 - INFO - Parsed 48 data points from ERCOT
2025-06-20 21:07:02,220 - INFO - Successfully stored 48 data points in the database
2025-06-20 21:22:01,938 - INFO - Fetching data from https://www.ercot.com/content/cdr/html/as_capacity_monitor.html
2025-06-20 21:22:02,145 - INFO - Parsed 48 data points from ERCOT
2025-06-20 21:22:02,291 - INFO - Successfully stored 48 data points in the database
2025-06-20 21:37:02,516 - INFO - Fetching data from https://www.ercot.com/content/cdr/html/as_capacity_monitor.html
2025-06-20 21:37:02,642 - INFO - Parsed 48 data points from ERCOT
2025-06-20 21:37:02,785 - INFO - Successfully stored 48 data points in the database
2025-06-20 21:52:02,723 - INFO - Fetching data from https://www.ercot.com/content/cdr/html/as_capacity_monitor.html
2025-06-20 21:52:02,802 - INFO - Parsed 48 data points from ERCOT
2025-06-20 21:52:02,915 - INFO - Successfully stored 48 data points in the database
2025-06-20 22:07:02,766 - INFO - Fetching data from https://www.ercot.com/content/cdr/html/as_capacity_monitor.html
2025-06-20 22:07:02,894 - INFO - Parsed 48 data points from ERCOT
2025-06-20 22:07:03,031 - INFO - Successfully stored 48 data points in the database
2025-06-20 22:22:02,814 - INFO - Fetching data from https://www.ercot.com/content/cdr/html/as_capacity_monitor.html
2025-06-20 22:22:02,921 - INFO - Parsed 48 data points from ERCOT
2025-06-20 22:22:03,054 - INFO - Successfully stored 48 data points in the database
2025-06-20 22:37:02,849 - INFO - Fetching data from https://www.ercot.com/content/cdr/html/as_capacity_monitor.html
2025-06-20 22:37:02,961 - INFO - Parsed 48 data points from ERCOT
2025-06-20 22:37:03,103 - INFO - Successfully stored 48 data points in the database
2025-06-20 22:52:02,903 - INFO - Fetching data from https://www.ercot.com/content/cdr/html/as_capacity_monitor.html
2025-06-20 22:52:02,992 - INFO - Parsed 48 data points from ERCOT
2025-06-20 22:52:03,149 - INFO - Successfully stored 48 data points in the database
2025-06-20 23:07:02,527 - INFO - Fetching data from https://www.ercot.com/content/cdr/html/as_capacity_monitor.html
2025-06-20 23:07:02,643 - INFO - Parsed 48 data points from ERCOT
2025-06-20 23:07:02,788 - INFO - Successfully stored 48 data points in the database
2025-06-20 23:22:02,756 - INFO - Fetching data from https://www.ercot.com/content/cdr/html/as_capacity_monitor.html
2025-06-20 23:22:02,841 - INFO - Parsed 48 data points from ERCOT
2025-06-20 23:22:02,984 - INFO - Successfully stored 48 data points in the database
2025-06-20 23:37:02,710 - INFO - Fetching data from https://www.ercot.com/content/cdr/html/as_capacity_monitor.html
2025-06-20 23:37:02,789 - INFO - Parsed 48 data points from ERCOT
2025-06-20 23:37:02,918 - INFO - Successfully stored 48 data points in the database
2025-06-20 23:52:02,362 - INFO - Fetching data from https://www.ercot.com/content/cdr/html/as_capacity_monitor.html
2025-06-20 23:52:02,483 - INFO - Parsed 48 data points from ERCOT
2025-06-20 23:52:02,639 - INFO - Successfully stored 48 data points in the database
2025-06-21 00:07:02,853 - INFO - Fetching data from https://www.ercot.com/content/cdr/html/as_capacity_monitor.html
2025-06-21 00:07:02,921 - INFO - Parsed 48 data points from ERCOT
2025-06-21 00:07:03,076 - INFO - Successfully stored 48 data points in the database
2025-06-21 00:22:02,235 - INFO - Fetching data from https://www.ercot.com/content/cdr/html/as_capacity_monitor.html
2025-06-21 00:22:02,338 - INFO - Parsed 48 data points from ERCOT
2025-06-21 00:22:02,513 - INFO - Successfully stored 48 data points in the database
2025-06-21 00:37:02,681 - INFO - Fetching data from https://www.ercot.com/content/cdr/html/as_capacity_monitor.html
2025-06-21 00:37:02,774 - INFO - Parsed 48 data points from ERCOT
2025-06-21 00:37:02,879 - INFO - Successfully stored 48 data points in the database
2025-06-21 00:52:02,474 - INFO - Fetching data from https://www.ercot.com/content/cdr/html/as_capacity_monitor.html
2025-06-21 00:52:02,557 - INFO - Parsed 48 data points from ERCOT
2025-06-21 00:52:02,705 - INFO - Successfully stored 48 data points in the database
2025-06-21 01:07:02,299 - INFO - Fetching data from https://www.ercot.com/content/cdr/html/as_capacity_monitor.html
2025-06-21 01:07:02,425 - INFO - Parsed 48 data points from ERCOT
2025-06-21 01:07:02,545 - INFO - Successfully stored 48 data points in the database
2025-06-21 01:22:02,744 - INFO - Fetching data from https://www.ercot.com/content/cdr/html/as_capacity_monitor.html
2025-06-21 01:22:02,809 - INFO - Parsed 48 data points from ERCOT
2025-06-21 01:22:02,946 - INFO - Successfully stored 48 data points in the database
2025-06-21 01:37:02,679 - INFO - Fetching data from https://www.ercot.com/content/cdr/html/as_capacity_monitor.html
2025-06-21 01:37:02,750 - INFO - Parsed 48 data points from ERCOT
2025-06-21 01:37:02,876 - INFO - Successfully stored 48 data points in the database
2025-06-21 01:52:02,022 - INFO - Fetching data from https://www.ercot.com/content/cdr/html/as_capacity_monitor.html
2025-06-21 01:52:02,109 - INFO - Parsed 48 data points from ERCOT
2025-06-21 01:52:02,235 - INFO - Successfully stored 48 data points in the database
2025-06-21 02:07:01,886 - INFO - Fetching data from https://www.ercot.com/content/cdr/html/as_capacity_monitor.html
2025-06-21 02:07:01,974 - INFO - Parsed 48 data points from ERCOT
2025-06-21 02:07:02,115 - INFO - Successfully stored 48 data points in the database
2025-06-21 02:22:02,420 - INFO - Fetching data from https://www.ercot.com/content/cdr/html/as_capacity_monitor.html
2025-06-21 02:22:02,484 - INFO - Parsed 48 data points from ERCOT
2025-06-21 02:22:02,626 - INFO - Successfully stored 48 data points in the database
2025-06-21 02:37:02,758 - INFO - Fetching data from https://www.ercot.com/content/cdr/html/as_capacity_monitor.html
2025-06-21 02:37:02,829 - INFO - Parsed 48 data points from ERCOT
2025-06-21 02:37:02,945 - INFO - Successfully stored 48 data points in the database
2025-06-21 02:52:01,957 - INFO - Fetching data from https://www.ercot.com/content/cdr/html/as_capacity_monitor.html
2025-06-21 02:52:02,018 - INFO - Parsed 48 data points from ERCOT
2025-06-21 02:52:02,148 - INFO - Successfully stored 48 data points in the database
2025-06-21 03:07:02,319 - INFO - Fetching data from https://www.ercot.com/content/cdr/html/as_capacity_monitor.html
2025-06-21 03:07:02,392 - INFO - Parsed 48 data points from ERCOT
2025-06-21 03:07:02,530 - INFO - Successfully stored 48 data points in the database
2025-06-21 03:22:02,564 - INFO - Fetching data from https://www.ercot.com/content/cdr/html/as_capacity_monitor.html
2025-06-21 03:22:02,632 - INFO - Parsed 48 data points from ERCOT
2025-06-21 03:22:02,756 - INFO - Successfully stored 48 data points in the database
2025-06-21 03:37:01,953 - INFO - Fetching data from https://www.ercot.com/content/cdr/html/as_capacity_monitor.html
2025-06-21 03:37:02,209 - INFO - Parsed 48 data points from ERCOT
2025-06-21 03:37:02,329 - INFO - Successfully stored 48 data points in the database
2025-06-21 03:52:02,225 - INFO - Fetching data from https://www.ercot.com/content/cdr/html/as_capacity_monitor.html
2025-06-21 03:52:02,289 - INFO - Parsed 48 data points from ERCOT
2025-06-21 03:52:02,399 - INFO - Successfully stored 48 data points in the database
2025-06-21 04:07:02,669 - INFO - Fetching data from https://www.ercot.com/content/cdr/html/as_capacity_monitor.html
2025-06-21 04:07:02,731 - INFO - Parsed 48 data points from ERCOT
2025-06-21 04:07:02,865 - INFO - Successfully stored 48 data points in the database
2025-06-21 04:22:01,927 - INFO - Fetching data from https://www.ercot.com/content/cdr/html/as_capacity_monitor.html
2025-06-21 04:22:02,011 - INFO - Parsed 48 data points from ERCOT
2025-06-21 04:22:02,148 - INFO - Successfully stored 48 data points in the database
2025-06-21 04:37:02,193 - INFO - Fetching data from https://www.ercot.com/content/cdr/html/as_capacity_monitor.html
2025-06-21 04:37:02,261 - INFO - Parsed 48 data points from ERCOT
2025-06-21 04:37:02,379 - INFO - Successfully stored 48 data points in the database
2025-06-21 04:52:02,457 - INFO - Fetching data from https://www.ercot.com/content/cdr/html/as_capacity_monitor.html
2025-06-21 04:52:02,527 - INFO - Parsed 48 data points from ERCOT
2025-06-21 04:52:02,662 - INFO - Successfully stored 48 data points in the database
2025-06-21 05:07:02,628 - INFO - Fetching data from https://www.ercot.com/content/cdr/html/as_capacity_monitor.html
2025-06-21 05:07:02,690 - INFO - Parsed 48 data points from ERCOT
2025-06-21 05:07:02,805 - INFO - Successfully stored 48 data points in the database
2025-06-21 05:22:02,714 - INFO - Fetching data from https://www.ercot.com/content/cdr/html/as_capacity_monitor.html
2025-06-21 05:22:02,777 - INFO - Parsed 48 data points from ERCOT
2025-06-21 05:22:02,897 - INFO - Successfully stored 48 data points in the database
2025-06-21 05:37:01,879 - INFO - Fetching data from https://www.ercot.com/content/cdr/html/as_capacity_monitor.html
2025-06-21 05:37:01,940 - INFO - Parsed 48 data points from ERCOT
2025-06-21 05:37:02,077 - INFO - Successfully stored 48 data points in the database
2025-06-21 05:52:02,024 - INFO - Fetching data from https://www.ercot.com/content/cdr/html/as_capacity_monitor.html
2025-06-21 05:52:02,098 - INFO - Parsed 48 data points from ERCOT
2025-06-21 05:52:02,234 - INFO - Successfully stored 48 data points in the database
2025-06-21 06:07:02,300 - INFO - Fetching data from https://www.ercot.com/content/cdr/html/as_capacity_monitor.html
2025-06-21 06:07:02,371 - INFO - Parsed 48 data points from ERCOT
2025-06-21 06:07:02,497 - INFO - Successfully stored 48 data points in the database
2025-06-21 06:22:02,409 - INFO - Fetching data from https://www.ercot.com/content/cdr/html/as_capacity_monitor.html
2025-06-21 06:22:02,479 - INFO - Parsed 48 data points from ERCOT
2025-06-21 06:22:02,619 - INFO - Successfully stored 48 data points in the database
2025-06-21 06:37:02,683 - INFO - Fetching data from https://www.ercot.com/content/cdr/html/as_capacity_monitor.html
2025-06-21 06:37:02,745 - INFO - Parsed 48 data points from ERCOT
2025-06-21 06:37:02,860 - INFO - Successfully stored 48 data points in the database
2025-06-21 06:52:02,735 - INFO - Fetching data from https://www.ercot.com/content/cdr/html/as_capacity_monitor.html
2025-06-21 06:52:02,804 - INFO - Parsed 48 data points from ERCOT
2025-06-21 06:52:02,932 - INFO - Successfully stored 48 data points in the database
2025-06-21 07:07:01,838 - INFO - Fetching data from https://www.ercot.com/content/cdr/html/as_capacity_monitor.html
2025-06-21 07:07:01,906 - INFO - Parsed 48 data points from ERCOT
2025-06-21 07:07:02,054 - INFO - Successfully stored 48 data points in the database
2025-06-21 07:22:01,796 - INFO - Fetching data from https://www.ercot.com/content/cdr/html/as_capacity_monitor.html
2025-06-21 07:22:01,862 - INFO - Parsed 48 data points from ERCOT
2025-06-21 07:22:01,971 - INFO - Successfully stored 48 data points in the database
2025-06-21 07:37:02,001 - INFO - Fetching data from https://www.ercot.com/content/cdr/html/as_capacity_monitor.html
2025-06-21 07:37:02,065 - INFO - Parsed 48 data points from ERCOT
2025-06-21 07:37:02,174 - INFO - Successfully stored 48 data points in the database
2025-06-21 07:52:01,998 - INFO - Fetching data from https://www.ercot.com/content/cdr/html/as_capacity_monitor.html
2025-06-21 07:52:02,062 - INFO - Parsed 48 data points from ERCOT
2025-06-21 07:52:02,181 - INFO - Successfully stored 48 data points in the database
2025-06-21 08:07:02,229 - INFO - Fetching data from https://www.ercot.com/content/cdr/html/as_capacity_monitor.html
2025-06-21 08:07:02,300 - INFO - Parsed 48 data points from ERCOT
2025-06-21 08:07:02,415 - INFO - Successfully stored 48 data points in the database
2025-06-21 08:22:02,420 - INFO - Fetching data from https://www.ercot.com/content/cdr/html/as_capacity_monitor.html
2025-06-21 08:22:02,503 - INFO - Parsed 48 data points from ERCOT
2025-06-21 08:22:02,650 - INFO - Successfully stored 48 data points in the database
2025-06-21 08:37:02,536 - INFO - Fetching data from https://www.ercot.com/content/cdr/html/as_capacity_monitor.html
2025-06-21 08:37:02,601 - INFO - Parsed 48 data points from ERCOT
2025-06-21 08:37:02,739 - INFO - Successfully stored 48 data points in the database
2025-06-21 08:52:02,508 - INFO - Fetching data from https://www.ercot.com/content/cdr/html/as_capacity_monitor.html
2025-06-21 08:52:02,579 - INFO - Parsed 48 data points from ERCOT
2025-06-21 08:52:02,705 - INFO - Successfully stored 48 data points in the database
2025-06-21 09:07:02,599 - INFO - Fetching data from https://www.ercot.com/content/cdr/html/as_capacity_monitor.html
2025-06-21 09:07:02,658 - INFO - Parsed 48 data points from ERCOT
2025-06-21 09:07:02,777 - INFO - Successfully stored 48 data points in the database
2025-06-21 09:22:01,756 - INFO - Fetching data from https://www.ercot.com/content/cdr/html/as_capacity_monitor.html
2025-06-21 09:22:02,051 - INFO - Parsed 48 data points from ERCOT
2025-06-21 09:22:02,183 - INFO - Successfully stored 48 data points in the database
2025-06-21 09:37:02,081 - INFO - Fetching data from https://www.ercot.com/content/cdr/html/as_capacity_monitor.html
2025-06-21 09:37:02,145 - INFO - Parsed 48 data points from ERCOT
2025-06-21 09:37:02,260 - INFO - Successfully stored 48 data points in the database
2025-06-21 09:52:02,066 - INFO - Fetching data from https://www.ercot.com/content/cdr/html/as_capacity_monitor.html
2025-06-21 09:52:02,129 - INFO - Parsed 48 data points from ERCOT
2025-06-21 09:52:02,255 - INFO - Successfully stored 48 data points in the database
2025-06-21 10:07:02,239 - INFO - Fetching data from https://www.ercot.com/content/cdr/html/as_capacity_monitor.html
2025-06-21 10:07:02,307 - INFO - Parsed 48 data points from ERCOT
2025-06-21 10:07:02,435 - INFO - Successfully stored 48 data points in the database
2025-06-21 10:22:02,247 - INFO - Fetching data from https://www.ercot.com/content/cdr/html/as_capacity_monitor.html
2025-06-21 10:22:02,315 - INFO - Parsed 48 data points from ERCOT
2025-06-21 10:22:02,474 - INFO - Successfully stored 48 data points in the database
2025-06-21 10:37:02,301 - INFO - Fetching data from https://www.ercot.com/content/cdr/html/as_capacity_monitor.html
2025-06-21 10:37:02,377 - INFO - Parsed 48 data points from ERCOT
2025-06-21 10:37:02,483 - INFO - Successfully stored 48 data points in the database
2025-06-21 10:52:02,253 - INFO - Fetching data from https://www.ercot.com/content/cdr/html/as_capacity_monitor.html
2025-06-21 10:52:02,322 - INFO - Parsed 48 data points from ERCOT
2025-06-21 10:52:02,451 - INFO - Successfully stored 48 data points in the database
2025-06-21 11:07:02,628 - INFO - Fetching data from https://www.ercot.com/content/cdr/html/as_capacity_monitor.html
2025-06-21 11:07:02,739 - INFO - Parsed 48 data points from ERCOT
2025-06-21 11:07:02,868 - INFO - Successfully stored 48 data points in the database
2025-06-21 11:22:01,822 - INFO - Fetching data from https://www.ercot.com/content/cdr/html/as_capacity_monitor.html
2025-06-21 11:22:01,887 - INFO - Parsed 48 data points from ERCOT
2025-06-21 11:22:02,033 - INFO - Successfully stored 48 data points in the database
2025-06-21 11:37:02,004 - INFO - Fetching data from https://www.ercot.com/content/cdr/html/as_capacity_monitor.html
2025-06-21 11:37:02,068 - INFO - Parsed 48 data points from ERCOT
2025-06-21 11:37:02,189 - INFO - Successfully stored 48 data points in the database
2025-06-21 11:52:02,011 - INFO - Fetching data from https://www.ercot.com/content/cdr/html/as_capacity_monitor.html
2025-06-21 11:52:02,071 - INFO - Parsed 48 data points from ERCOT
2025-06-21 11:52:02,187 - INFO - Successfully stored 48 data points in the database
2025-06-21 12:07:02,362 - INFO - Fetching data from https://www.ercot.com/content/cdr/html/as_capacity_monitor.html
2025-06-21 12:07:02,427 - INFO - Parsed 48 data points from ERCOT
2025-06-21 12:07:02,548 - INFO - Successfully stored 48 data points in the database
2025-06-21 12:22:02,407 - INFO - Fetching data from https://www.ercot.com/content/cdr/html/as_capacity_monitor.html
2025-06-21 12:22:02,468 - INFO - Parsed 48 data points from ERCOT
2025-06-21 12:22:02,585 - INFO - Successfully stored 48 data points in the database
2025-06-21 12:37:02,535 - INFO - Fetching data from https://www.ercot.com/content/cdr/html/as_capacity_monitor.html
2025-06-21 12:37:02,640 - INFO - Parsed 48 data points from ERCOT
2025-06-21 12:37:02,776 - INFO - Successfully stored 48 data points in the database
2025-06-21 12:52:02,663 - INFO - Fetching data from https://www.ercot.com/content/cdr/html/as_capacity_monitor.html
2025-06-21 12:52:02,724 - INFO - Parsed 48 data points from ERCOT
2025-06-21 12:52:02,848 - INFO - Successfully stored 48 data points in the database
2025-06-21 13:07:01,915 - INFO - Fetching data from https://www.ercot.com/content/cdr/html/as_capacity_monitor.html
2025-06-21 13:07:01,984 - INFO - Parsed 48 data points from ERCOT
2025-06-21 13:07:02,113 - INFO - Successfully stored 48 data points in the database
2025-06-21 13:22:02,049 - INFO - Fetching data from https://www.ercot.com/content/cdr/html/as_capacity_monitor.html
2025-06-21 13:22:02,111 - INFO - Parsed 48 data points from ERCOT
2025-06-21 13:22:02,240 - INFO - Successfully stored 48 data points in the database
2025-06-21 13:37:02,222 - INFO - Fetching data from https://www.ercot.com/content/cdr/html/as_capacity_monitor.html
2025-06-21 13:37:02,286 - INFO - Parsed 48 data points from ERCOT
2025-06-21 13:37:02,406 - INFO - Successfully stored 48 data points in the database
2025-06-21 13:52:02,567 - INFO - Fetching data from https://www.ercot.com/content/cdr/html/as_capacity_monitor.html
2025-06-21 13:52:02,629 - INFO - Parsed 48 data points from ERCOT
2025-06-21 13:52:02,763 - INFO - Successfully stored 48 data points in the database
2025-06-21 14:07:01,675 - INFO - Fetching data from https://www.ercot.com/content/cdr/html/as_capacity_monitor.html
2025-06-21 14:07:01,744 - INFO - Parsed 48 data points from ERCOT
2025-06-21 14:07:01,852 - INFO - Successfully stored 48 data points in the database
2025-06-21 14:22:02,726 - INFO - Fetching data from https://www.ercot.com/content/cdr/html/as_capacity_monitor.html
2025-06-21 14:22:02,787 - INFO - Parsed 48 data points from ERCOT
2025-06-21 14:22:02,924 - INFO - Successfully stored 48 data points in the database
2025-06-21 14:37:02,026 - INFO - Fetching data from https://www.ercot.com/content/cdr/html/as_capacity_monitor.html
2025-06-21 14:37:02,105 - INFO - Parsed 48 data points from ERCOT
2025-06-21 14:37:02,235 - INFO - Successfully stored 48 data points in the database
2025-06-21 14:52:02,065 - INFO - Fetching data from https://www.ercot.com/content/cdr/html/as_capacity_monitor.html
2025-06-21 14:52:02,126 - INFO - Parsed 48 data points from ERCOT
2025-06-21 14:52:02,267 - INFO - Successfully stored 48 data points in the database
2025-06-21 15:07:02,237 - INFO - Fetching data from https://www.ercot.com/content/cdr/html/as_capacity_monitor.html
2025-06-21 15:07:02,318 - INFO - Parsed 48 data points from ERCOT
2025-06-21 15:07:02,445 - INFO - Successfully stored 48 data points in the database
2025-06-21 15:22:02,434 - INFO - Fetching data from https://www.ercot.com/content/cdr/html/as_capacity_monitor.html
2025-06-21 15:22:02,502 - INFO - Parsed 48 data points from ERCOT
2025-06-21 15:22:02,638 - INFO - Successfully stored 48 data points in the database
2025-06-21 15:37:02,500 - INFO - Fetching data from https://www.ercot.com/content/cdr/html/as_capacity_monitor.html
2025-06-21 15:37:02,606 - INFO - Parsed 48 data points from ERCOT
2025-06-21 15:37:02,725 - INFO - Successfully stored 48 data points in the database
2025-06-21 15:52:02,394 - INFO - Fetching data from https://www.ercot.com/content/cdr/html/as_capacity_monitor.html
2025-06-21 15:52:02,455 - INFO - Parsed 48 data points from ERCOT
2025-06-21 15:52:02,616 - INFO - Successfully stored 48 data points in the database
2025-06-21 16:07:02,694 - INFO - Fetching data from https://www.ercot.com/content/cdr/html/as_capacity_monitor.html
2025-06-21 16:07:02,917 - INFO - Parsed 48 data points from ERCOT
2025-06-21 16:07:03,055 - INFO - Successfully stored 48 data points in the database
2025-06-21 16:22:01,853 - INFO - Fetching data from https://www.ercot.com/content/cdr/html/as_capacity_monitor.html
2025-06-21 16:22:01,925 - INFO - Parsed 48 data points from ERCOT
2025-06-21 16:22:02,082 - INFO - Successfully stored 48 data points in the database
2025-06-21 16:37:02,010 - INFO - Fetching data from https://www.ercot.com/content/cdr/html/as_capacity_monitor.html
2025-06-21 16:37:02,084 - INFO - Parsed 48 data points from ERCOT
2025-06-21 16:37:02,217 - INFO - Successfully stored 48 data points in the database
2025-06-21 16:52:01,594 - INFO - Fetching data from https://www.ercot.com/content/cdr/html/as_capacity_monitor.html
2025-06-21 16:52:01,711 - INFO - Parsed 48 data points from ERCOT
2025-06-21 16:52:01,836 - INFO - Successfully stored 48 data points in the database
2025-06-21 17:07:02,073 - INFO - Fetching data from https://www.ercot.com/content/cdr/html/as_capacity_monitor.html
2025-06-21 17:07:02,135 - INFO - Parsed 48 data points from ERCOT
2025-06-21 17:07:02,257 - INFO - Successfully stored 48 data points in the database
2025-06-21 17:22:01,594 - INFO - Fetching data from https://www.ercot.com/content/cdr/html/as_capacity_monitor.html
2025-06-21 17:22:01,925 - INFO - Parsed 48 data points from ERCOT
2025-06-21 17:22:02,061 - INFO - Successfully stored 48 data points in the database
2025-06-21 17:37:02,448 - INFO - Fetching data from https://www.ercot.com/content/cdr/html/as_capacity_monitor.html
2025-06-21 17:37:02,517 - INFO - Parsed 48 data points from ERCOT
2025-06-21 17:37:02,628 - INFO - Successfully stored 48 data points in the database
Error response from daemon: Container f07aa54c15325be18a388fd17cf5328887b100bc2679ddde387d0d56d54f3d68 is restarting, wait until the container is running
2025-06-21 18:07:02,126 - INFO - Fetching data from https://www.ercot.com/content/cdr/html/as_capacity_monitor.html
2025-06-21 18:07:02,200 - INFO - Parsed 48 data points from ERCOT
2025-06-21 18:07:02,310 - INFO - Successfully stored 48 data points in the database
2025-06-21 18:22:01,741 - INFO - Fetching data from https://www.ercot.com/content/cdr/html/as_capacity_monitor.html
2025-06-21 18:22:01,814 - INFO - Parsed 48 data points from ERCOT
2025-06-21 18:22:01,930 - INFO - Successfully stored 48 data points in the database
time="2025-06-21T18:37:01Z" level=warning msg="The \"AWS_ACCESS_KEY_ID\" variable is not set. Defaulting to a blank string."
time="2025-06-21T18:37:01Z" level=warning msg="The \"AWS_SECRET_ACCESS_KEY\" variable is not set. Defaulting to a blank string."
2025-06-21 18:37:02,234 - INFO - Fetching data from https://www.ercot.com/content/cdr/html/as_capacity_monitor.html
2025-06-21 18:37:02,310 - INFO - Parsed 48 data points from ERCOT
2025-06-21 18:37:02,401 - INFO - Successfully stored 48 data points in the database
time="2025-06-21T18:52:01Z" level=warning msg="The \"AWS_ACCESS_KEY_ID\" variable is not set. Defaulting to a blank string."
time="2025-06-21T18:52:01Z" level=warning msg="The \"AWS_SECRET_ACCESS_KEY\" variable is not set. Defaulting to a blank string."
Error response from daemon: Container 68e5f3b489a1ebdaf1071913b12c23135793631c2db07aa1f7b025cdc13981cf is restarting, wait until the container is running
time="2025-06-21T19:07:01Z" level=warning msg="The \"AWS_ACCESS_KEY_ID\" variable is not set. Defaulting to a blank string."
time="2025-06-21T19:07:01Z" level=warning msg="The \"AWS_SECRET_ACCESS_KEY\" variable is not set. Defaulting to a blank string."
2025-06-21 19:07:02,082 - INFO - Fetching data from https://www.ercot.com/content/cdr/html/as_capacity_monitor.html
2025-06-21 19:07:02,163 - INFO - Parsed 48 data points from ERCOT
2025-06-21 19:07:02,282 - INFO - Successfully stored 48 data points in the database
time="2025-06-21T19:22:01Z" level=warning msg="The \"AWS_ACCESS_KEY_ID\" variable is not set. Defaulting to a blank string."
time="2025-06-21T19:22:01Z" level=warning msg="The \"AWS_SECRET_ACCESS_KEY\" variable is not set. Defaulting to a blank string."
2025-06-21 19:22:01,705 - INFO - Fetching data from https://www.ercot.com/content/cdr/html/as_capacity_monitor.html
2025-06-21 19:22:01,890 - INFO - Parsed 48 data points from ERCOT
2025-06-21 19:22:02,049 - INFO - Successfully stored 48 data points in the database
time="2025-06-21T19:37:02Z" level=warning msg="The \"AWS_ACCESS_KEY_ID\" variable is not set. Defaulting to a blank string."
time="2025-06-21T19:37:02Z" level=warning msg="The \"AWS_SECRET_ACCESS_KEY\" variable is not set. Defaulting to a blank string."
2025-06-21 19:37:02,380 - INFO - Fetching data from https://www.ercot.com/content/cdr/html/as_capacity_monitor.html
2025-06-21 19:37:02,442 - INFO - Parsed 48 data points from ERCOT
2025-06-21 19:37:02,549 - INFO - Successfully stored 48 data points in the database
time="2025-06-21T19:52:01Z" level=warning msg="The \"AWS_ACCESS_KEY_ID\" variable is not set. Defaulting to a blank string."
time="2025-06-21T19:52:01Z" level=warning msg="The \"AWS_SECRET_ACCESS_KEY\" variable is not set. Defaulting to a blank string."
2025-06-21 19:52:02,053 - INFO - Fetching data from https://www.ercot.com/content/cdr/html/as_capacity_monitor.html
2025-06-21 19:52:02,119 - INFO - Parsed 48 data points from ERCOT
2025-06-21 19:52:02,229 - INFO - Successfully stored 48 data points in the database
time="2025-06-21T20:07:01Z" level=warning msg="The \"AWS_ACCESS_KEY_ID\" variable is not set. Defaulting to a blank string."
time="2025-06-21T20:07:01Z" level=warning msg="The \"AWS_SECRET_ACCESS_KEY\" variable is not set. Defaulting to a blank string."
2025-06-21 20:07:01,707 - INFO - Fetching data from https://www.ercot.com/content/cdr/html/as_capacity_monitor.html
2025-06-21 20:07:01,793 - INFO - Parsed 48 data points from ERCOT
2025-06-21 20:07:01,901 - INFO - Successfully stored 48 data points in the database
time="2025-06-21T20:22:01Z" level=warning msg="The \"AWS_ACCESS_KEY_ID\" variable is not set. Defaulting to a blank string."
time="2025-06-21T20:22:01Z" level=warning msg="The \"AWS_SECRET_ACCESS_KEY\" variable is not set. Defaulting to a blank string."
2025-06-21 20:22:02,306 - INFO - Fetching data from https://www.ercot.com/content/cdr/html/as_capacity_monitor.html
2025-06-21 20:22:02,367 - INFO - Parsed 48 data points from ERCOT
2025-06-21 20:22:02,478 - INFO - Successfully stored 48 data points in the database
time="2025-06-21T20:37:01Z" level=warning msg="The \"AWS_ACCESS_KEY_ID\" variable is not set. Defaulting to a blank string."
time="2025-06-21T20:37:01Z" level=warning msg="The \"AWS_SECRET_ACCESS_KEY\" variable is not set. Defaulting to a blank string."
2025-06-21 20:37:01,899 - INFO - Fetching data from https://www.ercot.com/content/cdr/html/as_capacity_monitor.html
2025-06-21 20:37:01,970 - INFO - Parsed 48 data points from ERCOT
2025-06-21 20:37:02,107 - INFO - Successfully stored 48 data points in the database
time="2025-06-21T20:52:01Z" level=warning msg="The \"AWS_ACCESS_KEY_ID\" variable is not set. Defaulting to a blank string."
time="2025-06-21T20:52:01Z" level=warning msg="The \"AWS_SECRET_ACCESS_KEY\" variable is not set. Defaulting to a blank string."
2025-06-21 20:52:01,481 - INFO - Fetching data from https://www.ercot.com/content/cdr/html/as_capacity_monitor.html
2025-06-21 20:52:01,564 - INFO - Parsed 48 data points from ERCOT
2025-06-21 20:52:01,697 - INFO - Successfully stored 48 data points in the database
time="2025-06-21T21:07:01Z" level=warning msg="The \"AWS_ACCESS_KEY_ID\" variable is not set. Defaulting to a blank string."
time="2025-06-21T21:07:01Z" level=warning msg="The \"AWS_SECRET_ACCESS_KEY\" variable is not set. Defaulting to a blank string."
2025-06-21 21:07:02,116 - INFO - Fetching data from https://www.ercot.com/content/cdr/html/as_capacity_monitor.html
2025-06-21 21:07:02,181 - INFO - Parsed 48 data points from ERCOT
2025-06-21 21:07:02,300 - INFO - Successfully stored 48 data points in the database
time="2025-06-21T21:22:01Z" level=warning msg="The \"AWS_ACCESS_KEY_ID\" variable is not set. Defaulting to a blank string."
time="2025-06-21T21:22:01Z" level=warning msg="The \"AWS_SECRET_ACCESS_KEY\" variable is not set. Defaulting to a blank string."
2025-06-21 21:22:02,081 - INFO - Fetching data from https://www.ercot.com/content/cdr/html/as_capacity_monitor.html
2025-06-21 21:22:02,195 - INFO - Parsed 48 data points from ERCOT
2025-06-21 21:22:02,322 - INFO - Successfully stored 48 data points in the database
time="2025-06-21T21:37:01Z" level=warning msg="The \"AWS_ACCESS_KEY_ID\" variable is not set. Defaulting to a blank string."
time="2025-06-21T21:37:01Z" level=warning msg="The \"AWS_SECRET_ACCESS_KEY\" variable is not set. Defaulting to a blank string."
2025-06-21 21:37:01,845 - INFO - Fetching data from https://www.ercot.com/content/cdr/html/as_capacity_monitor.html
2025-06-21 21:37:01,958 - INFO - Parsed 48 data points from ERCOT
2025-06-21 21:37:02,082 - INFO - Successfully stored 48 data points in the database
time="2025-06-21T21:52:02Z" level=warning msg="The \"AWS_ACCESS_KEY_ID\" variable is not set. Defaulting to a blank string."
time="2025-06-21T21:52:02Z" level=warning msg="The \"AWS_SECRET_ACCESS_KEY\" variable is not set. Defaulting to a blank string."
2025-06-21 21:52:02,412 - INFO - Fetching data from https://www.ercot.com/content/cdr/html/as_capacity_monitor.html
2025-06-21 21:52:02,473 - INFO - Parsed 48 data points from ERCOT
2025-06-21 21:52:02,620 - INFO - Successfully stored 48 data points in the database
time="2025-06-21T22:07:01Z" level=warning msg="The \"AWS_ACCESS_KEY_ID\" variable is not set. Defaulting to a blank string."
time="2025-06-21T22:07:01Z" level=warning msg="The \"AWS_SECRET_ACCESS_KEY\" variable is not set. Defaulting to a blank string."
2025-06-21 22:07:01,977 - INFO - Fetching data from https://www.ercot.com/content/cdr/html/as_capacity_monitor.html
2025-06-21 22:07:02,044 - INFO - Parsed 48 data points from ERCOT
2025-06-21 22:07:02,163 - INFO - Successfully stored 48 data points in the database
time="2025-06-21T22:22:01Z" level=warning msg="The \"AWS_ACCESS_KEY_ID\" variable is not set. Defaulting to a blank string."
time="2025-06-21T22:22:01Z" level=warning msg="The \"AWS_SECRET_ACCESS_KEY\" variable is not set. Defaulting to a blank string."
2025-06-21 22:22:01,711 - INFO - Fetching data from https://www.ercot.com/content/cdr/html/as_capacity_monitor.html
2025-06-21 22:22:01,866 - INFO - Parsed 48 data points from ERCOT
2025-06-21 22:22:02,038 - INFO - Successfully stored 48 data points in the database
time="2025-06-21T22:37:02Z" level=warning msg="The \"AWS_ACCESS_KEY_ID\" variable is not set. Defaulting to a blank string."
time="2025-06-21T22:37:02Z" level=warning msg="The \"AWS_SECRET_ACCESS_KEY\" variable is not set. Defaulting to a blank string."
2025-06-21 22:37:02,460 - INFO - Fetching data from https://www.ercot.com/content/cdr/html/as_capacity_monitor.html
2025-06-21 22:37:02,537 - INFO - Parsed 48 data points from ERCOT
2025-06-21 22:37:02,648 - INFO - Successfully stored 48 data points in the database
time="2025-06-21T22:52:01Z" level=warning msg="The \"AWS_ACCESS_KEY_ID\" variable is not set. Defaulting to a blank string."
time="2025-06-21T22:52:01Z" level=warning msg="The \"AWS_SECRET_ACCESS_KEY\" variable is not set. Defaulting to a blank string."
2025-06-21 22:52:02,068 - INFO - Fetching data from https://www.ercot.com/content/cdr/html/as_capacity_monitor.html
2025-06-21 22:52:02,129 - INFO - Parsed 48 data points from ERCOT
2025-06-21 22:52:02,244 - INFO - Successfully stored 48 data points in the database
time="2025-06-21T23:07:01Z" level=warning msg="The \"AWS_ACCESS_KEY_ID\" variable is not set. Defaulting to a blank string."
time="2025-06-21T23:07:01Z" level=warning msg="The \"AWS_SECRET_ACCESS_KEY\" variable is not set. Defaulting to a blank string."
2025-06-21 23:07:01,602 - INFO - Fetching data from https://www.ercot.com/content/cdr/html/as_capacity_monitor.html
2025-06-21 23:07:01,662 - INFO - Parsed 48 data points from ERCOT
2025-06-21 23:07:01,782 - INFO - Successfully stored 48 data points in the database
time="2025-06-21T23:22:01Z" level=warning msg="The \"AWS_ACCESS_KEY_ID\" variable is not set. Defaulting to a blank string."
time="2025-06-21T23:22:01Z" level=warning msg="The \"AWS_SECRET_ACCESS_KEY\" variable is not set. Defaulting to a blank string."
2025-06-21 23:22:02,135 - INFO - Fetching data from https://www.ercot.com/content/cdr/html/as_capacity_monitor.html
2025-06-21 23:22:02,204 - INFO - Parsed 48 data points from ERCOT
2025-06-21 23:22:02,351 - INFO - Successfully stored 48 data points in the database
time="2025-06-21T23:37:01Z" level=warning msg="The \"AWS_ACCESS_KEY_ID\" variable is not set. Defaulting to a blank string."
time="2025-06-21T23:37:01Z" level=warning msg="The \"AWS_SECRET_ACCESS_KEY\" variable is not set. Defaulting to a blank string."
2025-06-21 23:37:01,743 - INFO - Fetching data from https://www.ercot.com/content/cdr/html/as_capacity_monitor.html
2025-06-21 23:37:01,811 - INFO - Parsed 48 data points from ERCOT
2025-06-21 23:37:01,920 - INFO - Successfully stored 48 data points in the database
time="2025-06-21T23:52:01Z" level=warning msg="The \"AWS_ACCESS_KEY_ID\" variable is not set. Defaulting to a blank string."
time="2025-06-21T23:52:01Z" level=warning msg="The \"AWS_SECRET_ACCESS_KEY\" variable is not set. Defaulting to a blank string."
2025-06-21 23:52:02,189 - INFO - Fetching data from https://www.ercot.com/content/cdr/html/as_capacity_monitor.html
2025-06-21 23:52:02,322 - INFO - Parsed 48 data points from ERCOT
2025-06-21 23:52:02,453 - INFO - Successfully stored 48 data points in the database
time="2025-06-22T00:07:02Z" level=warning msg="The \"AWS_ACCESS_KEY_ID\" variable is not set. Defaulting to a blank string."
time="2025-06-22T00:07:02Z" level=warning msg="The \"AWS_SECRET_ACCESS_KEY\" variable is not set. Defaulting to a blank string."
2025-06-22 00:07:02,380 - INFO - Fetching data from https://www.ercot.com/content/cdr/html/as_capacity_monitor.html
2025-06-22 00:07:02,452 - INFO - Parsed 48 data points from ERCOT
2025-06-22 00:07:02,577 - INFO - Successfully stored 48 data points in the database
time="2025-06-22T00:22:01Z" level=warning msg="The \"AWS_ACCESS_KEY_ID\" variable is not set. Defaulting to a blank string."
time="2025-06-22T00:22:01Z" level=warning msg="The \"AWS_SECRET_ACCESS_KEY\" variable is not set. Defaulting to a blank string."
2025-06-22 00:22:02,129 - INFO - Fetching data from https://www.ercot.com/content/cdr/html/as_capacity_monitor.html
2025-06-22 00:22:02,196 - INFO - Parsed 48 data points from ERCOT
2025-06-22 00:22:02,334 - INFO - Successfully stored 48 data points in the database
time="2025-06-22T00:37:01Z" level=warning msg="The \"AWS_ACCESS_KEY_ID\" variable is not set. Defaulting to a blank string."
time="2025-06-22T00:37:01Z" level=warning msg="The \"AWS_SECRET_ACCESS_KEY\" variable is not set. Defaulting to a blank string."
2025-06-22 00:37:01,842 - INFO - Fetching data from https://www.ercot.com/content/cdr/html/as_capacity_monitor.html
2025-06-22 00:37:01,903 - INFO - Parsed 48 data points from ERCOT
2025-06-22 00:37:02,044 - INFO - Successfully stored 48 data points in the database
time="2025-06-22T00:52:01Z" level=warning msg="The \"AWS_ACCESS_KEY_ID\" variable is not set. Defaulting to a blank string."
time="2025-06-22T00:52:01Z" level=warning msg="The \"AWS_SECRET_ACCESS_KEY\" variable is not set. Defaulting to a blank string."
2025-06-22 00:52:01,568 - INFO - Fetching data from https://www.ercot.com/content/cdr/html/as_capacity_monitor.html
2025-06-22 00:52:01,630 - INFO - Parsed 48 data points from ERCOT
2025-06-22 00:52:01,794 - INFO - Successfully stored 48 data points in the database
time="2025-06-22T01:07:01Z" level=warning msg="The \"AWS_ACCESS_KEY_ID\" variable is not set. Defaulting to a blank string."
time="2025-06-22T01:07:01Z" level=warning msg="The \"AWS_SECRET_ACCESS_KEY\" variable is not set. Defaulting to a blank string."
2025-06-22 01:07:02,248 - INFO - Fetching data from https://www.ercot.com/content/cdr/html/as_capacity_monitor.html
2025-06-22 01:07:02,335 - INFO - Parsed 48 data points from ERCOT
2025-06-22 01:07:02,460 - INFO - Successfully stored 48 data points in the database
time="2025-06-22T01:22:01Z" level=warning msg="The \"AWS_ACCESS_KEY_ID\" variable is not set. Defaulting to a blank string."
time="2025-06-22T01:22:01Z" level=warning msg="The \"AWS_SECRET_ACCESS_KEY\" variable is not set. Defaulting to a blank string."
2025-06-22 01:22:01,928 - INFO - Fetching data from https://www.ercot.com/content/cdr/html/as_capacity_monitor.html
2025-06-22 01:22:01,995 - INFO - Parsed 48 data points from ERCOT
2025-06-22 01:22:02,144 - INFO - Successfully stored 48 data points in the database
time="2025-06-22T01:37:01Z" level=warning msg="The \"AWS_ACCESS_KEY_ID\" variable is not set. Defaulting to a blank string."
time="2025-06-22T01:37:01Z" level=warning msg="The \"AWS_SECRET_ACCESS_KEY\" variable is not set. Defaulting to a blank string."
2025-06-22 01:37:01,702 - INFO - Fetching data from https://www.ercot.com/content/cdr/html/as_capacity_monitor.html
2025-06-22 01:37:01,778 - INFO - Parsed 48 data points from ERCOT
2025-06-22 01:37:01,897 - INFO - Successfully stored 48 data points in the database
time="2025-06-22T01:52:02Z" level=warning msg="The \"AWS_ACCESS_KEY_ID\" variable is not set. Defaulting to a blank string."
time="2025-06-22T01:52:02Z" level=warning msg="The \"AWS_SECRET_ACCESS_KEY\" variable is not set. Defaulting to a blank string."
2025-06-22 01:52:02,414 - INFO - Fetching data from https://www.ercot.com/content/cdr/html/as_capacity_monitor.html
2025-06-22 01:52:02,481 - INFO - Parsed 48 data points from ERCOT
2025-06-22 01:52:02,616 - INFO - Successfully stored 48 data points in the database
time="2025-06-22T02:07:02Z" level=warning msg="The \"AWS_ACCESS_KEY_ID\" variable is not set. Defaulting to a blank string."
time="2025-06-22T02:07:02Z" level=warning msg="The \"AWS_SECRET_ACCESS_KEY\" variable is not set. Defaulting to a blank string."
2025-06-22 02:07:02,582 - INFO - Fetching data from https://www.ercot.com/content/cdr/html/as_capacity_monitor.html
2025-06-22 02:07:02,657 - INFO - Parsed 48 data points from ERCOT
2025-06-22 02:07:02,763 - INFO - Successfully stored 48 data points in the database
time="2025-06-22T02:22:01Z" level=warning msg="The \"AWS_ACCESS_KEY_ID\" variable is not set. Defaulting to a blank string."
time="2025-06-22T02:22:01Z" level=warning msg="The \"AWS_SECRET_ACCESS_KEY\" variable is not set. Defaulting to a blank string."
2025-06-22 02:22:01,831 - INFO - Fetching data from https://www.ercot.com/content/cdr/html/as_capacity_monitor.html
2025-06-22 02:22:01,902 - INFO - Parsed 48 data points from ERCOT
2025-06-22 02:22:02,063 - INFO - Successfully stored 48 data points in the database
time="2025-06-22T02:37:02Z" level=warning msg="The \"AWS_ACCESS_KEY_ID\" variable is not set. Defaulting to a blank string."
time="2025-06-22T02:37:02Z" level=warning msg="The \"AWS_SECRET_ACCESS_KEY\" variable is not set. Defaulting to a blank string."
2025-06-22 02:37:02,307 - INFO - Fetching data from https://www.ercot.com/content/cdr/html/as_capacity_monitor.html
2025-06-22 02:37:02,400 - INFO - Parsed 48 data points from ERCOT
2025-06-22 02:37:02,516 - INFO - Successfully stored 48 data points in the database
time="2025-06-22T02:52:02Z" level=warning msg="The \"AWS_ACCESS_KEY_ID\" variable is not set. Defaulting to a blank string."
time="2025-06-22T02:52:02Z" level=warning msg="The \"AWS_SECRET_ACCESS_KEY\" variable is not set. Defaulting to a blank string."
2025-06-22 02:52:02,532 - INFO - Fetching data from https://www.ercot.com/content/cdr/html/as_capacity_monitor.html
2025-06-22 02:52:02,597 - INFO - Parsed 48 data points from ERCOT
2025-06-22 02:52:02,746 - INFO - Successfully stored 48 data points in the database
time="2025-06-22T03:07:01Z" level=warning msg="The \"AWS_ACCESS_KEY_ID\" variable is not set. Defaulting to a blank string."
time="2025-06-22T03:07:01Z" level=warning msg="The \"AWS_SECRET_ACCESS_KEY\" variable is not set. Defaulting to a blank string."
2025-06-22 03:07:02,114 - INFO - Fetching data from https://www.ercot.com/content/cdr/html/as_capacity_monitor.html
2025-06-22 03:07:02,216 - INFO - Parsed 48 data points from ERCOT
2025-06-22 03:07:02,331 - INFO - Successfully stored 48 data points in the database
time="2025-06-22T03:22:02Z" level=warning msg="The \"AWS_ACCESS_KEY_ID\" variable is not set. Defaulting to a blank string."
time="2025-06-22T03:22:02Z" level=warning msg="The \"AWS_SECRET_ACCESS_KEY\" variable is not set. Defaulting to a blank string."
2025-06-22 03:22:02,567 - INFO - Fetching data from https://www.ercot.com/content/cdr/html/as_capacity_monitor.html
2025-06-22 03:22:02,657 - INFO - Parsed 48 data points from ERCOT
2025-06-22 03:22:02,778 - INFO - Successfully stored 48 data points in the database
time="2025-06-22T03:37:01Z" level=warning msg="The \"AWS_ACCESS_KEY_ID\" variable is not set. Defaulting to a blank string."
time="2025-06-22T03:37:01Z" level=warning msg="The \"AWS_SECRET_ACCESS_KEY\" variable is not set. Defaulting to a blank string."
2025-06-22 03:37:01,986 - INFO - Fetching data from https://www.ercot.com/content/cdr/html/as_capacity_monitor.html
2025-06-22 03:37:02,061 - INFO - Parsed 48 data points from ERCOT
2025-06-22 03:37:02,180 - INFO - Successfully stored 48 data points in the database
time="2025-06-22T03:52:01Z" level=warning msg="The \"AWS_ACCESS_KEY_ID\" variable is not set. Defaulting to a blank string."
time="2025-06-22T03:52:01Z" level=warning msg="The \"AWS_SECRET_ACCESS_KEY\" variable is not set. Defaulting to a blank string."
2025-06-22 03:52:02,150 - INFO - Fetching data from https://www.ercot.com/content/cdr/html/as_capacity_monitor.html
2025-06-22 03:52:02,219 - INFO - Parsed 48 data points from ERCOT
2025-06-22 03:52:02,354 - INFO - Successfully stored 48 data points in the database
time="2025-06-22T04:07:02Z" level=warning msg="The \"AWS_ACCESS_KEY_ID\" variable is not set. Defaulting to a blank string."
time="2025-06-22T04:07:02Z" level=warning msg="The \"AWS_SECRET_ACCESS_KEY\" variable is not set. Defaulting to a blank string."
2025-06-22 04:07:02,440 - INFO - Fetching data from https://www.ercot.com/content/cdr/html/as_capacity_monitor.html
2025-06-22 04:07:02,567 - INFO - Parsed 48 data points from ERCOT
2025-06-22 04:07:02,691 - INFO - Successfully stored 48 data points in the database
time="2025-06-22T04:22:02Z" level=warning msg="The \"AWS_ACCESS_KEY_ID\" variable is not set. Defaulting to a blank string."
time="2025-06-22T04:22:02Z" level=warning msg="The \"AWS_SECRET_ACCESS_KEY\" variable is not set. Defaulting to a blank string."
2025-06-22 04:22:02,763 - INFO - Fetching data from https://www.ercot.com/content/cdr/html/as_capacity_monitor.html
2025-06-22 04:22:02,840 - INFO - Parsed 48 data points from ERCOT
2025-06-22 04:22:02,964 - INFO - Successfully stored 48 data points in the database
time="2025-06-22T04:37:02Z" level=warning msg="The \"AWS_ACCESS_KEY_ID\" variable is not set. Defaulting to a blank string."
time="2025-06-22T04:37:02Z" level=warning msg="The \"AWS_SECRET_ACCESS_KEY\" variable is not set. Defaulting to a blank string."
2025-06-22 04:37:02,312 - INFO - Fetching data from https://www.ercot.com/content/cdr/html/as_capacity_monitor.html
2025-06-22 04:37:02,379 - INFO - Parsed 48 data points from ERCOT
2025-06-22 04:37:02,506 - INFO - Successfully stored 48 data points in the database
time="2025-06-22T04:52:02Z" level=warning msg="The \"AWS_ACCESS_KEY_ID\" variable is not set. Defaulting to a blank string."
time="2025-06-22T04:52:02Z" level=warning msg="The \"AWS_SECRET_ACCESS_KEY\" variable is not set. Defaulting to a blank string."
2025-06-22 04:52:02,653 - INFO - Fetching data from https://www.ercot.com/content/cdr/html/as_capacity_monitor.html
2025-06-22 04:52:02,730 - INFO - Parsed 48 data points from ERCOT
2025-06-22 04:52:02,860 - INFO - Successfully stored 48 data points in the database
time="2025-06-22T05:07:01Z" level=warning msg="The \"AWS_ACCESS_KEY_ID\" variable is not set. Defaulting to a blank string."
time="2025-06-22T05:07:01Z" level=warning msg="The \"AWS_SECRET_ACCESS_KEY\" variable is not set. Defaulting to a blank string."
2025-06-22 05:07:02,123 - INFO - Fetching data from https://www.ercot.com/content/cdr/html/as_capacity_monitor.html
2025-06-22 05:07:02,227 - INFO - Parsed 48 data points from ERCOT
2025-06-22 05:07:02,336 - INFO - Successfully stored 48 data points in the database
time="2025-06-22T05:22:01Z" level=warning msg="The \"AWS_ACCESS_KEY_ID\" variable is not set. Defaulting to a blank string."
time="2025-06-22T05:22:01Z" level=warning msg="The \"AWS_SECRET_ACCESS_KEY\" variable is not set. Defaulting to a blank string."
2025-06-22 05:22:01,911 - INFO - Fetching data from https://www.ercot.com/content/cdr/html/as_capacity_monitor.html
2025-06-22 05:22:01,989 - INFO - Parsed 48 data points from ERCOT
2025-06-22 05:22:02,135 - INFO - Successfully stored 48 data points in the database
time="2025-06-22T05:37:01Z" level=warning msg="The \"AWS_ACCESS_KEY_ID\" variable is not set. Defaulting to a blank string."
time="2025-06-22T05:37:01Z" level=warning msg="The \"AWS_SECRET_ACCESS_KEY\" variable is not set. Defaulting to a blank string."
2025-06-22 05:37:01,874 - INFO - Fetching data from https://www.ercot.com/content/cdr/html/as_capacity_monitor.html
2025-06-22 05:37:01,966 - INFO - Parsed 48 data points from ERCOT
2025-06-22 05:37:02,096 - INFO - Successfully stored 48 data points in the database
time="2025-06-22T05:52:01Z" level=warning msg="The \"AWS_ACCESS_KEY_ID\" variable is not set. Defaulting to a blank string."
time="2025-06-22T05:52:01Z" level=warning msg="The \"AWS_SECRET_ACCESS_KEY\" variable is not set. Defaulting to a blank string."
2025-06-22 05:52:01,836 - INFO - Fetching data from https://www.ercot.com/content/cdr/html/as_capacity_monitor.html
2025-06-22 05:52:01,910 - INFO - Parsed 48 data points from ERCOT
2025-06-22 05:52:02,056 - INFO - Successfully stored 48 data points in the database
time="2025-06-22T06:07:01Z" level=warning msg="The \"AWS_ACCESS_KEY_ID\" variable is not set. Defaulting to a blank string."
time="2025-06-22T06:07:01Z" level=warning msg="The \"AWS_SECRET_ACCESS_KEY\" variable is not set. Defaulting to a blank string."
service "web" is not running container #1
time="2025-06-22T06:22:02Z" level=warning msg="The \"AWS_ACCESS_KEY_ID\" variable is not set. Defaulting to a blank string."
time="2025-06-22T06:22:02Z" level=warning msg="The \"AWS_SECRET_ACCESS_KEY\" variable is not set. Defaulting to a blank string."
service "web" is not running container #1
time="2025-06-22T06:37:01Z" level=warning msg="The \"AWS_ACCESS_KEY_ID\" variable is not set. Defaulting to a blank string."
time="2025-06-22T06:37:01Z" level=warning msg="The \"AWS_SECRET_ACCESS_KEY\" variable is not set. Defaulting to a blank string."
service "web" is not running container #1
time="2025-06-22T06:52:01Z" level=warning msg="The \"AWS_ACCESS_KEY_ID\" variable is not set. Defaulting to a blank string."
time="2025-06-22T06:52:01Z" level=warning msg="The \"AWS_SECRET_ACCESS_KEY\" variable is not set. Defaulting to a blank string."
service "web" is not running container #1
time="2025-06-22T07:07:01Z" level=warning msg="The \"AWS_ACCESS_KEY_ID\" variable is not set. Defaulting to a blank string."
time="2025-06-22T07:07:01Z" level=warning msg="The \"AWS_SECRET_ACCESS_KEY\" variable is not set. Defaulting to a blank string."
service "web" is not running container #1
time="2025-06-22T07:22:01Z" level=warning msg="The \"AWS_ACCESS_KEY_ID\" variable is not set. Defaulting to a blank string."
time="2025-06-22T07:22:01Z" level=warning msg="The \"AWS_SECRET_ACCESS_KEY\" variable is not set. Defaulting to a blank string."
service "web" is not running container #1
time="2025-06-22T07:37:01Z" level=warning msg="The \"AWS_ACCESS_KEY_ID\" variable is not set. Defaulting to a blank string."
time="2025-06-22T07:37:01Z" level=warning msg="The \"AWS_SECRET_ACCESS_KEY\" variable is not set. Defaulting to a blank string."
service "web" is not running container #1
time="2025-06-22T07:52:01Z" level=warning msg="The \"AWS_ACCESS_KEY_ID\" variable is not set. Defaulting to a blank string."
time="2025-06-22T07:52:01Z" level=warning msg="The \"AWS_SECRET_ACCESS_KEY\" variable is not set. Defaulting to a blank string."
service "web" is not running container #1
time="2025-06-22T08:07:02Z" level=warning msg="The \"AWS_ACCESS_KEY_ID\" variable is not set. Defaulting to a blank string."
time="2025-06-22T08:07:02Z" level=warning msg="The \"AWS_SECRET_ACCESS_KEY\" variable is not set. Defaulting to a blank string."
service "web" is not running container #1
time="2025-06-22T08:22:01Z" level=warning msg="The \"AWS_ACCESS_KEY_ID\" variable is not set. Defaulting to a blank string."
time="2025-06-22T08:22:01Z" level=warning msg="The \"AWS_SECRET_ACCESS_KEY\" variable is not set. Defaulting to a blank string."
service "web" is not running container #1
time="2025-06-22T08:37:01Z" level=warning msg="The \"AWS_ACCESS_KEY_ID\" variable is not set. Defaulting to a blank string."
time="2025-06-22T08:37:01Z" level=warning msg="The \"AWS_SECRET_ACCESS_KEY\" variable is not set. Defaulting to a blank string."
service "web" is not running container #1
time="2025-06-22T08:52:02Z" level=warning msg="The \"AWS_ACCESS_KEY_ID\" variable is not set. Defaulting to a blank string."
time="2025-06-22T08:52:02Z" level=warning msg="The \"AWS_SECRET_ACCESS_KEY\" variable is not set. Defaulting to a blank string."
service "web" is not running container #1
time="2025-06-22T09:07:01Z" level=warning msg="The \"AWS_ACCESS_KEY_ID\" variable is not set. Defaulting to a blank string."
time="2025-06-22T09:07:01Z" level=warning msg="The \"AWS_SECRET_ACCESS_KEY\" variable is not set. Defaulting to a blank string."
service "web" is not running container #1
time="2025-06-22T09:22:01Z" level=warning msg="The \"AWS_ACCESS_KEY_ID\" variable is not set. Defaulting to a blank string."
time="2025-06-22T09:22:01Z" level=warning msg="The \"AWS_SECRET_ACCESS_KEY\" variable is not set. Defaulting to a blank string."
service "web" is not running container #1
time="2025-06-22T09:37:01Z" level=warning msg="The \"AWS_ACCESS_KEY_ID\" variable is not set. Defaulting to a blank string."
time="2025-06-22T09:37:01Z" level=warning msg="The \"AWS_SECRET_ACCESS_KEY\" variable is not set. Defaulting to a blank string."
service "web" is not running container #1
time="2025-06-22T09:52:01Z" level=warning msg="The \"AWS_ACCESS_KEY_ID\" variable is not set. Defaulting to a blank string."
time="2025-06-22T09:52:01Z" level=warning msg="The \"AWS_SECRET_ACCESS_KEY\" variable is not set. Defaulting to a blank string."
service "web" is not running container #1
time="2025-06-22T10:07:01Z" level=warning msg="The \"AWS_ACCESS_KEY_ID\" variable is not set. Defaulting to a blank string."
time="2025-06-22T10:07:01Z" level=warning msg="The \"AWS_SECRET_ACCESS_KEY\" variable is not set. Defaulting to a blank string."
service "web" is not running container #1
time="2025-06-22T10:22:01Z" level=warning msg="The \"AWS_ACCESS_KEY_ID\" variable is not set. Defaulting to a blank string."
time="2025-06-22T10:22:01Z" level=warning msg="The \"AWS_SECRET_ACCESS_KEY\" variable is not set. Defaulting to a blank string."
service "web" is not running container #1
time="2025-06-22T10:37:02Z" level=warning msg="The \"AWS_ACCESS_KEY_ID\" variable is not set. Defaulting to a blank string."
time="2025-06-22T10:37:02Z" level=warning msg="The \"AWS_SECRET_ACCESS_KEY\" variable is not set. Defaulting to a blank string."
service "web" is not running container #1
time="2025-06-22T10:52:02Z" level=warning msg="The \"AWS_ACCESS_KEY_ID\" variable is not set. Defaulting to a blank string."
time="2025-06-22T10:52:02Z" level=warning msg="The \"AWS_SECRET_ACCESS_KEY\" variable is not set. Defaulting to a blank string."
service "web" is not running container #1
time="2025-06-22T11:07:02Z" level=warning msg="The \"AWS_ACCESS_KEY_ID\" variable is not set. Defaulting to a blank string."
time="2025-06-22T11:07:02Z" level=warning msg="The \"AWS_SECRET_ACCESS_KEY\" variable is not set. Defaulting to a blank string."
service "web" is not running container #1
time="2025-06-22T11:22:01Z" level=warning msg="The \"AWS_ACCESS_KEY_ID\" variable is not set. Defaulting to a blank string."
time="2025-06-22T11:22:01Z" level=warning msg="The \"AWS_SECRET_ACCESS_KEY\" variable is not set. Defaulting to a blank string."
service "web" is not running container #1
time="2025-06-22T11:37:01Z" level=warning msg="The \"AWS_ACCESS_KEY_ID\" variable is not set. Defaulting to a blank string."
time="2025-06-22T11:37:01Z" level=warning msg="The \"AWS_SECRET_ACCESS_KEY\" variable is not set. Defaulting to a blank string."
service "web" is not running container #1
time="2025-06-22T11:52:01Z" level=warning msg="The \"AWS_ACCESS_KEY_ID\" variable is not set. Defaulting to a blank string."
time="2025-06-22T11:52:01Z" level=warning msg="The \"AWS_SECRET_ACCESS_KEY\" variable is not set. Defaulting to a blank string."
service "web" is not running container #1
time="2025-06-22T12:07:01Z" level=warning msg="The \"AWS_ACCESS_KEY_ID\" variable is not set. Defaulting to a blank string."
time="2025-06-22T12:07:01Z" level=warning msg="The \"AWS_SECRET_ACCESS_KEY\" variable is not set. Defaulting to a blank string."
service "web" is not running container #1
time="2025-06-22T12:22:01Z" level=warning msg="The \"AWS_ACCESS_KEY_ID\" variable is not set. Defaulting to a blank string."
time="2025-06-22T12:22:01Z" level=warning msg="The \"AWS_SECRET_ACCESS_KEY\" variable is not set. Defaulting to a blank string."
service "web" is not running container #1
time="2025-06-22T12:37:01Z" level=warning msg="The \"AWS_ACCESS_KEY_ID\" variable is not set. Defaulting to a blank string."
time="2025-06-22T12:37:01Z" level=warning msg="The \"AWS_SECRET_ACCESS_KEY\" variable is not set. Defaulting to a blank string."
service "web" is not running container #1
time="2025-06-22T12:52:02Z" level=warning msg="The \"AWS_ACCESS_KEY_ID\" variable is not set. Defaulting to a blank string."
time="2025-06-22T12:52:02Z" level=warning msg="The \"AWS_SECRET_ACCESS_KEY\" variable is not set. Defaulting to a blank string."
service "web" is not running container #1
time="2025-06-22T13:07:02Z" level=warning msg="The \"AWS_ACCESS_KEY_ID\" variable is not set. Defaulting to a blank string."
time="2025-06-22T13:07:02Z" level=warning msg="The \"AWS_SECRET_ACCESS_KEY\" variable is not set. Defaulting to a blank string."
service "web" is not running container #1
time="2025-06-22T13:22:02Z" level=warning msg="The \"AWS_ACCESS_KEY_ID\" variable is not set. Defaulting to a blank string."
time="2025-06-22T13:22:02Z" level=warning msg="The \"AWS_SECRET_ACCESS_KEY\" variable is not set. Defaulting to a blank string."
service "web" is not running container #1
time="2025-06-22T13:37:01Z" level=warning msg="The \"AWS_ACCESS_KEY_ID\" variable is not set. Defaulting to a blank string."
time="2025-06-22T13:37:01Z" level=warning msg="The \"AWS_SECRET_ACCESS_KEY\" variable is not set. Defaulting to a blank string."
service "web" is not running container #1
time="2025-06-22T13:52:01Z" level=warning msg="The \"AWS_ACCESS_KEY_ID\" variable is not set. Defaulting to a blank string."
time="2025-06-22T13:52:01Z" level=warning msg="The \"AWS_SECRET_ACCESS_KEY\" variable is not set. Defaulting to a blank string."
service "web" is not running container #1
time="2025-06-22T14:07:01Z" level=warning msg="The \"AWS_ACCESS_KEY_ID\" variable is not set. Defaulting to a blank string."
time="2025-06-22T14:07:01Z" level=warning msg="The \"AWS_SECRET_ACCESS_KEY\" variable is not set. Defaulting to a blank string."
service "web" is not running container #1
time="2025-06-22T14:22:01Z" level=warning msg="The \"AWS_ACCESS_KEY_ID\" variable is not set. Defaulting to a blank string."
time="2025-06-22T14:22:01Z" level=warning msg="The \"AWS_SECRET_ACCESS_KEY\" variable is not set. Defaulting to a blank string."
service "web" is not running container #1
time="2025-06-22T14:37:01Z" level=warning msg="The \"AWS_ACCESS_KEY_ID\" variable is not set. Defaulting to a blank string."
time="2025-06-22T14:37:01Z" level=warning msg="The \"AWS_SECRET_ACCESS_KEY\" variable is not set. Defaulting to a blank string."
service "web" is not running container #1
time="2025-06-22T14:52:02Z" level=warning msg="The \"AWS_ACCESS_KEY_ID\" variable is not set. Defaulting to a blank string."
time="2025-06-22T14:52:02Z" level=warning msg="The \"AWS_SECRET_ACCESS_KEY\" variable is not set. Defaulting to a blank string."
service "web" is not running container #1
time="2025-06-22T15:07:01Z" level=warning msg="The \"AWS_ACCESS_KEY_ID\" variable is not set. Defaulting to a blank string."
time="2025-06-22T15:07:01Z" level=warning msg="The \"AWS_SECRET_ACCESS_KEY\" variable is not set. Defaulting to a blank string."
service "web" is not running container #1
time="2025-06-22T15:22:02Z" level=warning msg="The \"AWS_ACCESS_KEY_ID\" variable is not set. Defaulting to a blank string."
time="2025-06-22T15:22:02Z" level=warning msg="The \"AWS_SECRET_ACCESS_KEY\" variable is not set. Defaulting to a blank string."
service "web" is not running container #1
time="2025-06-22T15:37:01Z" level=warning msg="The \"AWS_ACCESS_KEY_ID\" variable is not set. Defaulting to a blank string."
time="2025-06-22T15:37:01Z" level=warning msg="The \"AWS_SECRET_ACCESS_KEY\" variable is not set. Defaulting to a blank string."
service "web" is not running container #1
time="2025-06-22T15:52:01Z" level=warning msg="The \"AWS_ACCESS_KEY_ID\" variable is not set. Defaulting to a blank string."
time="2025-06-22T15:52:01Z" level=warning msg="The \"AWS_SECRET_ACCESS_KEY\" variable is not set. Defaulting to a blank string."
service "web" is not running container #1
time="2025-06-22T16:07:01Z" level=warning msg="The \"AWS_ACCESS_KEY_ID\" variable is not set. Defaulting to a blank string."
time="2025-06-22T16:07:01Z" level=warning msg="The \"AWS_SECRET_ACCESS_KEY\" variable is not set. Defaulting to a blank string."
service "web" is not running container #1
time="2025-06-22T16:22:01Z" level=warning msg="The \"AWS_ACCESS_KEY_ID\" variable is not set. Defaulting to a blank string."
time="2025-06-22T16:22:01Z" level=warning msg="The \"AWS_SECRET_ACCESS_KEY\" variable is not set. Defaulting to a blank string."
service "web" is not running container #1
time="2025-06-22T16:37:01Z" level=warning msg="The \"AWS_ACCESS_KEY_ID\" variable is not set. Defaulting to a blank string."
time="2025-06-22T16:37:01Z" level=warning msg="The \"AWS_SECRET_ACCESS_KEY\" variable is not set. Defaulting to a blank string."
2025-06-22 16:37:01,797 - INFO - Fetching data from https://www.ercot.com/content/cdr/html/as_capacity_monitor.html
2025-06-22 16:37:01,887 - INFO - Parsed 48 data points from ERCOT
2025-06-22 16:37:01,988 - INFO - Successfully stored 48 data points in the database
